2017-02-23 20:17:10,702 [INFO    ] en_tools        : 
2017-02-23 20:17:10,731 [INFO    ] en_tools        : --- Script en_tools.py Started ---
2017-02-23 20:17:11,668 [INFO    ] en_tools        : Synchronizing with evernote.
2017-02-23 20:17:12,628 [INFO    ] en_tools        : Sync: INCREMENTAL
2017-02-23 20:17:14,504 [DEBUG   ] en_tools        : Number of gardening notes found: 4698
2017-02-23 20:17:14,504 [DEBUG   ] en_tools        : Downloading note metadata from evernote - START
2017-02-23 20:17:14,504 [DEBUG   ] en_tools        : USN 177189/177209
2017-02-23 20:17:14,878 [DEBUG   ] en_tools        : Number of notes downloaded 4
2017-02-23 20:17:14,878 [DEBUG   ] en_tools        : USN 177208/177209
2017-02-23 20:17:15,180 [DEBUG   ] en_tools        : Downloading note metadata from evernote - COMPLETE
2017-02-23 20:17:15,181 [INFO    ] en_tools        : Note updated: b1eec61c-6dba-46e1-8966-74cb36f2b81e - Irises flowering. A bit short for the plants around.
2017-02-23 20:17:15,181 [INFO    ] en_tools        : Note updated: df10539d-e5a4-4573-a04d-af80459b6caf - Kalanchoe sprouting
2017-02-23 20:17:15,182 [INFO    ] en_tools        : Note updated: 5ff7b0b2-9f00-49be-ab34-cc6d31322c42 - After watering flower sagged. Broke it trying to support it.
2017-02-23 20:17:15,182 [DEBUG   ] en_tools        : Sorting data: COMPLETE
2017-02-23 20:17:15,182 [DEBUG   ] en_tools        : Notes stored: 4519 / 4698
2017-02-23 20:17:15,182 [INFO    ] en_tools        : Sync Complete
2017-02-23 20:17:15,562 [DEBUG   ] en_tools        : Writting data to file: COMPLETE
2017-02-23 20:17:15,620 [DEBUG   ] en_tools        : Writting state configuration to file: COMPLETE
2017-02-23 20:17:15,621 [INFO    ] en_tools        : Organize garden data into web format
2017-02-23 20:17:15,866 [DEBUG   ] en_tools        : Time taken 0:00:00.234201
2017-02-23 20:17:16,204 [INFO    ] en_tools        : --- Script Finished ---
2017-02-23 20:54:08,746 [INFO    ] en_tools        : 
2017-02-23 20:54:08,746 [INFO    ] en_tools        : --- Script en_tools.py Started ---
2017-02-23 20:54:09,734 [INFO    ] en_tools        : Synchronizing with evernote.
2017-02-23 20:54:10,695 [INFO    ] en_tools        : Local file is in sync with Evernote. Exiting...
2017-02-23 20:54:10,696 [INFO    ] en_tools        : --- Script Finished ---
2017-02-23 21:00:28,710 [INFO    ] en_tools        : 
2017-02-23 21:00:28,710 [INFO    ] en_tools        : --- Script en_tools.py Started ---
2017-02-23 21:00:29,602 [INFO    ] en_tools        : Synchronizing with evernote.
2017-02-23 21:00:30,599 [INFO    ] en_tools        : Local file is in sync with Evernote. Exiting...
2017-02-23 21:00:30,600 [INFO    ] en_tools        : --- Script Finished ---
2017-02-23 21:01:56,917 [INFO    ] en_tools        : 
2017-02-23 21:01:56,918 [INFO    ] en_tools        : --- Script en_tools.py Started ---
2017-02-23 21:01:57,768 [INFO    ] en_tools        : Synchronizing with evernote.
2017-02-23 21:01:58,772 [INFO    ] en_tools        : Local file is in sync with Evernote. Exiting...
2017-02-23 21:01:58,772 [INFO    ] en_tools        : --- Script Finished ---
2017-02-23 21:02:10,902 [INFO    ] en_tools        : 
2017-02-23 21:02:10,902 [INFO    ] en_tools        : --- Script en_tools.py Started ---
2017-02-23 21:02:10,935 [INFO    ] en_tools        : No sync requested
2017-02-23 21:02:11,654 [INFO    ] en_tools        : Organize garden data into web format
2017-02-23 21:02:11,914 [DEBUG   ] en_tools        : Time taken 0:00:00.251250
2017-02-23 21:02:12,293 [INFO    ] en_tools        : --- Script Finished ---
